<?xml version="1.0" encoding="UTF-8"?>
<testsuite xmlns:xsi="http://www.w3.org/2001/XMLSchema-instance" xsi:noNamespaceSchemaLocation="https://maven.apache.org/surefire/maven-surefire-plugin/xsd/surefire-test-report.xsd" version="3.0.2" name="com.example.mcpserver.McpServerApplicationTests" time="3.592" tests="1" errors="0" skipped="0" failures="0">
  <properties>
[...]
</properties>
  <testcase name="contextLoads" classname="com.example.mcpserver.McpServerApplicationTests" time="0.736">
    <system-out><![CDATA[22:35:37.889 [main] INFO org.springframework.test.context.support.AnnotationConfigContextLoaderUtils -- Could not detect default configuration classes for test class [com.example.mcpserver.McpServerApplicationTests]: McpServerApplicationTests does not declare any static, non-private, non-final, nested classes annotated with @Configuration.
22:35:38.132 [main] INFO org.springframework.boot.test.context.SpringBootTestContextBootstrapper -- Found @SpringBootConfiguration com.example.mcpserver.McpServerApplication for test class com.example.mcpserver.McpServerApplicationTests
]]></system-out>
  </testcase>
</testsuite>